{
  service: 'dairy-drop-audit',
  email: 'saifee3131@gmail.com',
  roleId: 'cmjlq24o000001guexnlj7wde',
  ip: '::1',
  userAgent: 'PostmanRuntime/7.51.0',
  level: 'info',
  message: 'Customer registration',
  timestamp: '2025-12-25 22:33:55'
}
{"timestamp":"2025-12-26 00:03:43","level":"info","message":"User registered","service":"dairy-drop-api","requestId":"4f70ee51-a779-4726-98d8-30c8c4dbdb6f","context":{"userId":"cmjlt9jie0000bsuesjwz44n2","email":"safeesafee31@gmail.com","ip":"::1"}}
{"timestamp":"2026-01-02 22:27:09","level":"info","message":"User registered","service":"dairy-drop-api","requestId":"a541e428-d5ec-445c-8922-fbdce11d68d1","context":{"userId":"52kdazef1x5","email":"saifee3131@gmail.com","ip":"::1"}}
{"timestamp":"2026-01-03 23:30:40","level":"info","message":"Password reset successful","service":"dairy-drop-api","requestId":"aed0a280-aaf1-4664-95bc-0183f2877fc9","context":{"userId":"52kdazef1x5","email":"saifee3131@gmail.com","ip":"::1"}}
{"timestamp":"2026-01-03 23:30:55","level":"info","message":"Login successful","service":"dairy-drop-api","requestId":"b4f646a6-52f7-4c86-8e13-a5e023bb2b91","context":{"userId":"52kdazef1x5","ip":"::1"}}
{"timestamp":"2026-01-03 23:42:48","level":"info","message":"User registered","service":"dairy-drop-api","requestId":"b7bb2896-eeae-441c-87a9-5f99e63791c4","context":{"userId":"8n3vmtb8yba","email":"safeesafee3131@gmail.com","ip":"::1"}}
{"timestamp":"2026-01-03 23:43:23","level":"info","message":"Login successful","service":"dairy-drop-api","requestId":"15ea8cfc-1cb1-492e-859f-7301e8f59f21","context":{"userId":"8n3vmtb8yba","ip":"::1"}}
{"timestamp":"2026-01-10 23:09:44","level":"warn","message":"Auth: missing token","service":"dairy-drop-api","requestId":"47f65dab-9715-4b7c-82a3-8607b9e684e7","context":{"ip":"::1"}}
{"timestamp":"2026-01-10 23:11:54","level":"warn","message":"Auth: missing token","service":"dairy-drop-api","requestId":"0142bbe3-9153-4609-8e20-14e94d2fb280","context":{"ip":"::1"}}
{"timestamp":"2026-01-10 23:16:09","level":"warn","message":"Auth: missing token","service":"dairy-drop-api","requestId":"6653c542-dee1-460e-9101-f8529eb7ca9a","context":{"ip":"::1"}}
{"timestamp":"2026-01-10 23:28:09","level":"warn","message":"Auth: missing token","service":"dairy-drop-api","requestId":"3b56c504-f5c7-48b7-8aa6-beef66bb45a2","context":{"ip":"::1"}}
{"timestamp":"2026-01-10 23:28:27","level":"warn","message":"Auth: missing token","service":"dairy-drop-api","requestId":"8152de16-40fe-4fa7-832d-fe5bf05fd2fa","context":{"ip":"::1"}}
{"timestamp":"2026-01-10 23:28:31","level":"warn","message":"Auth: missing token","service":"dairy-drop-api","requestId":"6bb721f1-dc35-44b0-9924-fa7a6d12f08e","context":{"ip":"::1"}}
{"timestamp":"2026-01-10 23:28:36","level":"warn","message":"Auth: missing token","service":"dairy-drop-api","requestId":"93f728a2-e99f-4e85-9eeb-a9be392255f5","context":{"ip":"::1"}}
{"timestamp":"2026-01-10 23:28:54","level":"warn","message":"Auth: missing token","service":"dairy-drop-api","requestId":"c98b51e2-c685-4e4a-b000-e6c0c8e17eaf","context":{"ip":"::1"}}
{"timestamp":"2026-01-10 23:28:57","level":"warn","message":"Auth: missing token","service":"dairy-drop-api","requestId":"eff17a04-dd07-4698-9994-e80934343c17","context":{"ip":"::1"}}
{"timestamp":"2026-01-10 23:29:01","level":"warn","message":"Auth: missing token","service":"dairy-drop-api","requestId":"34742760-f1dd-4b42-8944-f1b3d24a7b8a","context":{"ip":"::1"}}
{"timestamp":"2026-01-10 23:35:39","level":"warn","message":"Auth: missing token","service":"dairy-drop-api","requestId":"b09e0f8e-df0d-4dc7-ad7f-e9f6dab687e3","context":{"ip":"::1"}}
{"timestamp":"2026-01-10 23:36:09","level":"warn","message":"Auth: missing token","service":"dairy-drop-api","requestId":"c88693b4-378b-48e1-ae55-fe5ac3e072a5","context":{"ip":"::1"}}
{"timestamp":"2026-01-11 00:58:49","level":"info","message":"User registered","service":"dairy-drop-api","requestId":"c9f444ca-48cf-430c-babb-19abf73e9ade","context":{"userId":"jexgnfs3nx","email":"saifee3131@gmail.com","ip":"::1"}}
{"timestamp":"2026-01-11 00:58:49","level":"warn","message":"Auth: missing token","service":"dairy-drop-api","requestId":"3e2f63fa-ddaf-4859-91fd-b2482764d359","context":{"ip":"::1"}}
{"timestamp":"2026-01-11 01:05:26","level":"warn","message":"Auth: missing token","service":"dairy-drop-api","requestId":"b5e79661-7e80-4f7c-81d0-e86adba8ab5a","context":{"ip":"::1"}}
{"timestamp":"2026-01-11 01:06:29","level":"warn","message":"Auth: missing token","service":"dairy-drop-api","requestId":"b7334909-f196-4232-8593-a4205867d185","context":{"ip":"::1"}}
{"timestamp":"2026-01-11 01:08:13","level":"warn","message":"Auth: missing token","service":"dairy-drop-api","requestId":"dc909c7b-6880-4bda-a819-14a5c3ab7a82","context":{"ip":"::1"}}
{"timestamp":"2026-01-11 01:11:10","level":"warn","message":"Auth: missing token","service":"dairy-drop-api","requestId":"cd310f74-ab3a-4445-9a7b-02364335b584","context":{"ip":"::1"}}
{"timestamp":"2026-01-11 01:11:22","level":"warn","message":"Auth: missing token","service":"dairy-drop-api","requestId":"950dd51b-ce95-45fd-bb09-7c59e6419686","context":{"ip":"::1"}}
{"timestamp":"2026-01-11 01:11:31","level":"warn","message":"Auth: missing token","service":"dairy-drop-api","requestId":"42554531-189e-454d-96c3-a97e1e097a9a","context":{"ip":"::1"}}
{"timestamp":"2026-01-11 01:25:37","level":"warn","message":"Auth: missing token","service":"dairy-drop-api","requestId":"062b4f15-541d-446a-8eb4-a4f29eb9a610","context":{"ip":"::1"}}
{"timestamp":"2026-01-11 01:25:41","level":"warn","message":"Auth: missing token","service":"dairy-drop-api","requestId":"b6ad862e-e910-465e-8db9-d846a69374b7","context":{"ip":"::1"}}
{"timestamp":"2026-01-11 01:27:00","level":"info","message":"Login successful","service":"dairy-drop-api","requestId":"6a7b0363-72e3-40f9-865a-42bc970b1e19","context":{"userId":"jexgnfs3nx","ip":"::1"}}
{"timestamp":"2026-01-11 01:27:00","level":"warn","message":"Auth: invalid token","service":"dairy-drop-api","requestId":"88492984-084b-4c86-9082-0ac9acabc436","context":{"ip":"::1"}}
{"timestamp":"2026-01-11 01:27:31","level":"warn","message":"Auth: invalid token","service":"dairy-drop-api","requestId":"1aa00e79-b945-45a1-bd8d-2174d018c643","context":{"ip":"::1"}}
{"timestamp":"2026-01-11 01:27:34","level":"warn","message":"Auth: invalid token","service":"dairy-drop-api","requestId":"89ae5e82-031a-43f3-948d-51a6181f8cec","context":{"ip":"::1"}}
{"timestamp":"2026-01-11 01:27:46","level":"warn","message":"Auth: invalid token","service":"dairy-drop-api","requestId":"70f98e0f-9b03-4ac4-a55f-2116b66b360f","context":{"ip":"::1"}}
{"timestamp":"2026-01-11 01:29:21","level":"warn","message":"Auth: invalid token","service":"dairy-drop-api","requestId":"a2ccd55f-d04a-404e-9167-d587d6f84fe1","context":{"ip":"::1"}}
{"timestamp":"2026-01-11 01:29:25","level":"warn","message":"Auth: invalid token","service":"dairy-drop-api","requestId":"e1112a92-02a7-4aed-b0b0-65a8122eb1b9","context":{"ip":"::1"}}
{"timestamp":"2026-01-11 01:29:28","level":"warn","message":"Auth: invalid token","service":"dairy-drop-api","requestId":"d6004c67-e285-4423-a040-84ace614c726","context":{"ip":"::1"}}
{"timestamp":"2026-01-11 01:29:31","level":"warn","message":"Auth: invalid token","service":"dairy-drop-api","requestId":"f3aa84d6-2562-44c8-94da-c41eb48812ea","context":{"ip":"::1"}}
{"timestamp":"2026-01-11 01:29:34","level":"warn","message":"Auth: invalid token","service":"dairy-drop-api","requestId":"fca31eb1-c484-44ea-91f9-2d563d708bc2","context":{"ip":"::1"}}
{"timestamp":"2026-01-11 01:29:37","level":"warn","message":"Auth: invalid token","service":"dairy-drop-api","requestId":"b2ceb466-9c28-48ff-a15f-cf2598773709","context":{"ip":"::1"}}
{"timestamp":"2026-01-11 01:29:40","level":"warn","message":"Auth: invalid token","service":"dairy-drop-api","requestId":"952f7153-f931-4ca4-9168-3fec902bc623","context":{"ip":"::1"}}
{"timestamp":"2026-01-11 01:36:00","level":"warn","message":"Auth: invalid token","service":"dairy-drop-api","requestId":"645c2c9b-c6ed-4923-a0a1-e416d4c7b6fa","context":{"ip":"::1"}}
{"timestamp":"2026-01-11 01:36:04","level":"warn","message":"Auth: invalid token","service":"dairy-drop-api","requestId":"7fcb0c68-04d9-4273-b89e-af27ee112359","context":{"ip":"::1"}}
{"timestamp":"2026-01-11 01:39:31","level":"warn","message":"Auth: invalid token","service":"dairy-drop-api","requestId":"83027ff9-a006-455b-ba6f-9f1d26208bf0","context":{"ip":"::1"}}
{"timestamp":"2026-01-11 01:42:25","level":"info","message":"Login successful","service":"dairy-drop-api","requestId":"10c40db1-5dc6-4da1-a8cb-a276a954941e","context":{"userId":"jexgnfs3nx","ip":"::1"}}
{"timestamp":"2026-01-11 01:42:25","level":"warn","message":"Auth: invalid token","service":"dairy-drop-api","requestId":"c79a2d54-502a-4673-a0de-af08d54d4f1a","context":{"ip":"::1"}}
{"timestamp":"2026-01-11 01:42:54","level":"warn","message":"Auth: invalid token","service":"dairy-drop-api","requestId":"650f8d6d-270b-4f3d-9818-04b5a5c57ad3","context":{"ip":"::1"}}
{"timestamp":"2026-01-11 02:01:52","level":"info","message":"Login successful","service":"dairy-drop-api","requestId":"c0b03ad8-c91f-4ec2-8a9a-ee98488be04c","context":{"userId":"jexgnfs3nx","ip":"::1"}}
{"timestamp":"2026-01-11 02:02:46","level":"warn","message":"Auth: invalid token","service":"dairy-drop-api","requestId":"98552eda-4221-4553-aba4-0cc5b91f8bcb","context":{"ip":"::1"}}
{"timestamp":"2026-01-11 02:14:10","level":"info","message":"Login successful","service":"dairy-drop-api","requestId":"4cf70657-cc5c-47f4-9422-77690b14fe3c","context":{"userId":"jexgnfs3nx","ip":"::1"}}
{"timestamp":"2026-01-11 02:14:40","level":"warn","message":"Auth: invalid token","service":"dairy-drop-api","requestId":"138e1904-2733-4938-b586-44da14b1caf3","context":{"ip":"::1"}}
{"timestamp":"2026-01-11 02:15:30","level":"info","message":"Login successful","service":"dairy-drop-api","requestId":"42f539c1-922e-4430-adb1-07862db05da5","context":{"userId":"jexgnfs3nx","ip":"::1"}}
{"timestamp":"2026-01-11 02:15:40","level":"warn","message":"Auth: invalid token","service":"dairy-drop-api","requestId":"ae36a608-b44c-4d23-bb10-0454363362db","context":{"ip":"::1"}}
{"timestamp":"2026-01-11 02:17:50","level":"warn","message":"Auth: invalid token","service":"dairy-drop-api","requestId":"652c946d-7e44-4c60-ba33-443322bf4d45","context":{"ip":"::1"}}
{"timestamp":"2026-01-11 02:22:38","level":"warn","message":"Auth: invalid token","service":"dairy-drop-api","requestId":"c41da151-c8ff-446e-8aa0-8a8702167274","context":{"ip":"::1"}}
{"timestamp":"2026-01-11 02:25:31","level":"warn","message":"Auth: invalid token","service":"dairy-drop-api","requestId":"1176cb66-72d4-4e29-902d-1646a79ad987","context":{"ip":"::1"}}
{"timestamp":"2026-01-11 02:26:11","level":"warn","message":"Auth: invalid token","service":"dairy-drop-api","requestId":"71b31dc9-c07e-4ff0-ae16-b5adadd4ed26","context":{"ip":"::1"}}
{"timestamp":"2026-01-11 03:18:13","level":"info","message":"Login successful","service":"dairy-drop-api","requestId":"76111250-2fc8-4e72-94e5-f2c22cd71a9b","context":{"userId":"jexgnfs3nx","email":"saifee3131@gmail.com","ip":"::1"}}
{"timestamp":"2026-01-11 03:19:19","level":"info","message":"Auth: session validated","service":"dairy-drop-api","requestId":"6213a988-8db0-4d83-8d36-6bf71e5f3b25","context":{"userId":"jexgnfs3nx","email":"saifee3131@gmail.com","ip":"::1"}}
{"timestamp":"2026-01-11 03:19:19","level":"info","message":"User logout","service":"dairy-drop-api","requestId":"6213a988-8db0-4d83-8d36-6bf71e5f3b25","context":{"userId":"jexgnfs3nx","email":"saifee3131@gmail.com","ip":"::1"}}
{"timestamp":"2026-01-11 03:20:13","level":"info","message":"Login successful","service":"dairy-drop-api","requestId":"e46ce14f-5e25-41e6-8a52-ea68f26b5efc","context":{"userId":"jexgnfs3nx","email":"saifee3131@gmail.com","ip":"::1"}}
{"timestamp":"2026-01-11 03:20:29","level":"info","message":"Auth: session validated","service":"dairy-drop-api","requestId":"b7af0c3b-7327-4890-ba36-cf97c904945a","context":{"userId":"jexgnfs3nx","email":"saifee3131@gmail.com","ip":"::1"}}
{"timestamp":"2026-01-11 12:53:14","level":"warn","message":"Auth: missing sessionId cookie","service":"dairy-drop-api","requestId":"6dbc18b8-6f6f-4278-99c1-4dc3d4082317","context":{"ip":"::1"}}
{"timestamp":"2026-01-11 12:54:13","level":"warn","message":"Auth: missing sessionId cookie","service":"dairy-drop-api","requestId":"710b5359-d5af-40bf-a2ce-7d3e403be65c","context":{"ip":"::1"}}
{"timestamp":"2026-01-11 12:54:16","level":"warn","message":"Auth: missing sessionId cookie","service":"dairy-drop-api","requestId":"3ff51187-67df-45cc-99a7-5de1b0b0befa","context":{"ip":"::1"}}
{"timestamp":"2026-01-11 12:55:05","level":"info","message":"Login successful","service":"dairy-drop-api","requestId":"608451d1-eeaf-410b-abfb-7e482404f99b","context":{"userId":"jexgnfs3nx","email":"saifee3131@gmail.com","ip":"::1"}}
{"timestamp":"2026-01-11 12:55:05","level":"info","message":"Auth: session validated","service":"dairy-drop-api","requestId":"4eac10c6-5f90-4ba0-86e2-2f97d144ed59","context":{"userId":"jexgnfs3nx","email":"saifee3131@gmail.com","ip":"::1"}}
{"timestamp":"2026-01-11 12:55:26","level":"info","message":"Auth: session validated","service":"dairy-drop-api","requestId":"687bcaba-fa1e-4b4e-b44e-a8634b70e506","context":{"userId":"jexgnfs3nx","email":"saifee3131@gmail.com","ip":"::1"}}
{"timestamp":"2026-01-11 12:55:26","level":"info","message":"User logout","service":"dairy-drop-api","requestId":"687bcaba-fa1e-4b4e-b44e-a8634b70e506","context":{"userId":"jexgnfs3nx","email":"saifee3131@gmail.com","ip":"::1"}}
{"timestamp":"2026-01-11 12:55:26","level":"warn","message":"Auth: missing sessionId cookie","service":"dairy-drop-api","requestId":"c8b3bba0-2592-42f1-87a8-c12f8d939e29","context":{"ip":"::1"}}
{"timestamp":"2026-01-11 12:56:13","level":"info","message":"Login successful","service":"dairy-drop-api","requestId":"5ddb0595-fc2c-4334-8144-f18a244b77a9","context":{"userId":"jexgnfs3nx","email":"saifee3131@gmail.com","ip":"::1"}}
{"timestamp":"2026-01-11 12:59:16","level":"info","message":"Auth: session validated","service":"dairy-drop-api","requestId":"4ab2b7e8-3805-455c-9c22-dddd875f42b6","context":{"userId":"jexgnfs3nx","email":"saifee3131@gmail.com","ip":"::1"}}
{"timestamp":"2026-01-11 12:59:16","level":"info","message":"User logout","service":"dairy-drop-api","requestId":"4ab2b7e8-3805-455c-9c22-dddd875f42b6","context":{"userId":"jexgnfs3nx","email":"saifee3131@gmail.com","ip":"::1"}}
{"timestamp":"2026-01-11 13:04:25","level":"info","message":"Login successful","service":"dairy-drop-api","requestId":"be2a9593-0ac8-4d5e-9627-3e13122a6759","context":{"userId":"jexgnfs3nx","email":"saifee3131@gmail.com","ip":"::1"}}
{"timestamp":"2026-01-11 13:04:25","level":"info","message":"Auth: session validated","service":"dairy-drop-api","requestId":"a8fa1205-c667-469c-92f9-31ce70ea74d3","context":{"userId":"jexgnfs3nx","email":"saifee3131@gmail.com","ip":"::1"}}
{"timestamp":"2026-01-11 13:05:10","level":"info","message":"Auth: session validated","service":"dairy-drop-api","requestId":"bcd37c8d-3708-4fbb-bcca-745f38269e62","context":{"userId":"jexgnfs3nx","email":"saifee3131@gmail.com","ip":"::1"}}
{"timestamp":"2026-01-11 13:05:15","level":"info","message":"Auth: session validated","service":"dairy-drop-api","requestId":"24e5fa2d-b342-489f-a645-2dfa51b60f57","context":{"userId":"jexgnfs3nx","email":"saifee3131@gmail.com","ip":"::1"}}
{"timestamp":"2026-01-11 13:05:15","level":"info","message":"User logout","service":"dairy-drop-api","requestId":"24e5fa2d-b342-489f-a645-2dfa51b60f57","context":{"userId":"jexgnfs3nx","email":"saifee3131@gmail.com","ip":"::1"}}
{"timestamp":"2026-01-11 13:13:23","level":"info","message":"Login successful","service":"dairy-drop-api","requestId":"8c894cbf-aac9-4808-a5bc-c7c2dea284c2","context":{"userId":"jexgnfs3nx","email":"saifee3131@gmail.com","ip":"::1"}}
{"timestamp":"2026-01-11 13:13:32","level":"info","message":"Auth: session validated","service":"dairy-drop-api","requestId":"18f4de78-9201-4f05-bfd9-f5e385b9f618","context":{"userId":"jexgnfs3nx","email":"saifee3131@gmail.com","ip":"::1"}}
{"timestamp":"2026-01-11 13:13:32","level":"info","message":"User logout","service":"dairy-drop-api","requestId":"18f4de78-9201-4f05-bfd9-f5e385b9f618","context":{"userId":"jexgnfs3nx","email":"saifee3131@gmail.com","ip":"::1"}}
{"timestamp":"2026-01-11 13:14:53","level":"info","message":"Login successful","service":"dairy-drop-api","requestId":"c0c2644d-7bcd-49f5-9c48-aeef3e83ffce","context":{"userId":"jexgnfs3nx","email":"saifee3131@gmail.com","ip":"::1"}}
{"timestamp":"2026-01-11 13:14:53","level":"info","message":"Auth: session validated","service":"dairy-drop-api","requestId":"bb00b644-fde7-4fc8-b651-63302a8d94dc","context":{"userId":"jexgnfs3nx","email":"saifee3131@gmail.com","ip":"::1"}}
{"timestamp":"2026-01-11 13:16:02","level":"info","message":"Auth: session validated","service":"dairy-drop-api","requestId":"ac3af5bf-ca1b-4c35-9251-0678153e8edf","context":{"userId":"jexgnfs3nx","email":"saifee3131@gmail.com","ip":"::1"}}
{"timestamp":"2026-01-11 13:17:26","level":"info","message":"Auth: session validated","service":"dairy-drop-api","requestId":"ccd5ce5d-3045-41dc-bc60-bd3eb7cc0c0c","context":{"userId":"jexgnfs3nx","email":"saifee3131@gmail.com","ip":"::1"}}
{"timestamp":"2026-01-11 13:17:31","level":"info","message":"Auth: session validated","service":"dairy-drop-api","requestId":"417bd8c3-0e3b-42e3-bb29-a50badaf675a","context":{"userId":"jexgnfs3nx","email":"saifee3131@gmail.com","ip":"::1"}}
{"timestamp":"2026-01-11 13:27:07","level":"info","message":"Auth: session validated","service":"dairy-drop-api","requestId":"5a7a8bba-66cf-41a9-a3ca-f7578c3403cc","context":{"userId":"jexgnfs3nx","email":"saifee3131@gmail.com","ip":"::1"}}
{"timestamp":"2026-01-11 13:27:07","level":"info","message":"User logout","service":"dairy-drop-api","requestId":"5a7a8bba-66cf-41a9-a3ca-f7578c3403cc","context":{"userId":"jexgnfs3nx","email":"saifee3131@gmail.com","ip":"::1"}}
{"timestamp":"2026-01-11 13:27:19","level":"info","message":"Login successful","service":"dairy-drop-api","requestId":"d260fcae-c3fc-4748-9f8d-005df918d449","context":{"userId":"jexgnfs3nx","email":"saifee3131@gmail.com","ip":"::1"}}
{"timestamp":"2026-01-11 13:27:19","level":"info","message":"Auth: session validated","service":"dairy-drop-api","requestId":"cfd0c25d-05f2-4a4c-acf7-5f774b59d2eb","context":{"userId":"jexgnfs3nx","email":"saifee3131@gmail.com","ip":"::1"}}
{"timestamp":"2026-01-11 13:27:42","level":"info","message":"Auth: session validated","service":"dairy-drop-api","requestId":"f7c4d4bf-d32a-43c0-b6aa-dc67253ed308","context":{"userId":"jexgnfs3nx","email":"saifee3131@gmail.com","ip":"::1"}}
{"timestamp":"2026-01-11 13:28:02","level":"warn","message":"Auth: missing sessionId cookie","service":"dairy-drop-api","requestId":"7ae1827c-ce71-4d02-8dcc-ace9d6a319bd","context":{"ip":"::1"}}
{"timestamp":"2026-01-11 13:28:02","level":"warn","message":"Auth: missing sessionId cookie","service":"dairy-drop-api","requestId":"8b241975-813f-4954-8233-51d1f495dfe5","context":{"ip":"::1"}}
{"timestamp":"2026-01-11 13:34:01","level":"warn","message":"Auth: missing sessionId cookie","service":"dairy-drop-api","requestId":"8d30616c-0546-4975-8230-10fd6adcb593","context":{"ip":"::1"}}
{"timestamp":"2026-01-11 13:35:10","level":"warn","message":"Auth: missing sessionId cookie","service":"dairy-drop-api","requestId":"fc1a956b-9dbf-44b0-b774-84051d07fcd7","context":{"ip":"::1"}}
{"timestamp":"2026-01-11 13:35:10","level":"warn","message":"Auth: missing sessionId cookie","service":"dairy-drop-api","requestId":"0f70d694-91fd-47c9-8029-533fca5671d6","context":{"ip":"::1"}}
{"timestamp":"2026-01-11 13:35:13","level":"warn","message":"Auth: missing sessionId cookie","service":"dairy-drop-api","requestId":"fb55ce51-9584-49a1-ab79-1b04dac96356","context":{"ip":"::1"}}
{"timestamp":"2026-01-11 13:35:50","level":"info","message":"Login successful","service":"dairy-drop-api","requestId":"ecee43a3-cff2-4f7c-a4e3-608dff315551","context":{"userId":"jexgnfs3nx","email":"saifee3131@gmail.com","ip":"::1"}}
{"timestamp":"2026-01-11 13:35:50","level":"info","message":"Auth: session validated","service":"dairy-drop-api","requestId":"6c7ca18a-f366-4e65-a0aa-434044256a3b","context":{"userId":"jexgnfs3nx","email":"saifee3131@gmail.com","ip":"::1"}}
{"timestamp":"2026-01-11 13:36:47","level":"warn","message":"Auth: revoked session","service":"dairy-drop-api","requestId":"e6a1fa93-d784-43d9-916c-fdb28ba9e063","context":{"sessionId":"3f6a52bb8ec14ef74e37b00a103501e590c1c8b21a8c1a04d6ee3c13b9ac174a","ip":"::1"}}
{"timestamp":"2026-01-11 13:36:51","level":"info","message":"Login successful","service":"dairy-drop-api","requestId":"8084d648-ecad-4e68-8e5a-71acec33c3fc","context":{"userId":"jexgnfs3nx","email":"saifee3131@gmail.com","ip":"::1"}}
{"timestamp":"2026-01-11 13:36:52","level":"info","message":"Auth: session validated","service":"dairy-drop-api","requestId":"619f2ced-c7c7-4e9c-ab5b-bdf10d21830c","context":{"userId":"jexgnfs3nx","email":"saifee3131@gmail.com","ip":"::1"}}
{"timestamp":"2026-01-11 13:36:56","level":"info","message":"Auth: session validated","service":"dairy-drop-api","requestId":"718e3fc4-2f27-4004-8f08-a6c547e8e055","context":{"userId":"jexgnfs3nx","email":"saifee3131@gmail.com","ip":"::1"}}
{"timestamp":"2026-01-11 13:37:33","level":"warn","message":"Auth: revoked session","service":"dairy-drop-api","requestId":"b2630836-8eb4-45b5-b7a8-4ce0f71a5638","context":{"sessionId":"019e3901cc4a7403eae4ce4fcf19d71bc524b9c94c7014c5dc946bf9a8c239e8","ip":"::1"}}
{"timestamp":"2026-01-11 13:42:10","level":"info","message":"Login successful","service":"dairy-drop-api","requestId":"b3e583ae-04dc-4bcb-855a-9a8119989f26","context":{"userId":"jexgnfs3nx","email":"saifee3131@gmail.com","ip":"::1"}}
{"timestamp":"2026-01-11 13:42:10","level":"info","message":"Auth: session validated","service":"dairy-drop-api","requestId":"363cb000-4942-419e-ad74-c7b1ad1b94cc","context":{"userId":"jexgnfs3nx","email":"saifee3131@gmail.com","ip":"::1"}}
{"timestamp":"2026-01-11 13:42:47","level":"warn","message":"Auth: revoked session","service":"dairy-drop-api","requestId":"dc2ba7f5-7fa3-47e6-bc62-725c1b608b26","context":{"sessionId":"9c8433cadaf30d3738f526dba0e8066ae2ac2b9a5aab25a8b0f209c743537081","ip":"::1"}}
{"timestamp":"2026-01-11 13:47:16","level":"info","message":"Login successful","service":"dairy-drop-api","requestId":"e682a441-b46c-4a8f-874e-f8a6b58d25d2","context":{"userId":"jexgnfs3nx","email":"saifee3131@gmail.com","ip":"::1"}}
{"timestamp":"2026-01-11 13:47:16","level":"info","message":"Auth: session validated","service":"dairy-drop-api","requestId":"8420c4d1-eb54-4996-a103-ac3e279b54d0","context":{"userId":"jexgnfs3nx","email":"saifee3131@gmail.com","ip":"::1"}}
{"timestamp":"2026-01-11 13:48:18","level":"warn","message":"Auth: revoked session","service":"dairy-drop-api","requestId":"d5f7cff2-ac64-4ef2-b7ef-292ba3de5d15","context":{"sessionId":"27b28b29c21dc8c6a51eb1b955c5ea37c079d051bbbead7b195d1295eb1e191c","ip":"::1"}}
{"timestamp":"2026-01-11 13:52:17","level":"info","message":"Login successful","service":"dairy-drop-api","requestId":"697b3620-6611-44a4-ab3c-7a07a9045580","context":{"userId":"jexgnfs3nx","email":"saifee3131@gmail.com","ip":"::1"}}
{"timestamp":"2026-01-11 13:52:18","level":"info","message":"Auth: session validated","service":"dairy-drop-api","requestId":"554a1a00-dbbc-4b6f-97d7-01b5d57a68a0","context":{"userId":"jexgnfs3nx","email":"saifee3131@gmail.com","ip":"::1"}}
{"timestamp":"2026-01-11 13:52:59","level":"warn","message":"Auth: revoked session","service":"dairy-drop-api","requestId":"25ff1ccb-31ea-42b9-9945-c62003cd6e83","context":{"sessionId":"c6edfe0f86feab233c651dec0e97cbc3209fd0d57f5c430a3b0691f0db603be3","ip":"::1"}}
{"timestamp":"2026-01-11 13:56:08","level":"info","message":"Login successful","service":"dairy-drop-api","requestId":"488add2a-9efd-43f1-a72b-79e4876f5e99","context":{"userId":"jexgnfs3nx","email":"saifee3131@gmail.com","ip":"::1"}}
{"timestamp":"2026-01-11 13:58:54","level":"info","message":"Login successful","service":"dairy-drop-api","requestId":"6c804d15-02c4-4416-8945-e4a929f4c347","context":{"userId":"jexgnfs3nx","email":"saifee3131@gmail.com","ip":"::1"}}
{"timestamp":"2026-01-11 14:03:38","level":"info","message":"Login successful","service":"dairy-drop-api","requestId":"ba356beb-d544-4257-b7bf-26f8d7ddb4f3","context":{"userId":"jexgnfs3nx","email":"saifee3131@gmail.com","ip":"::1"}}
{"timestamp":"2026-01-11 14:06:32","level":"info","message":"Login successful","service":"dairy-drop-api","requestId":"5da2741f-4de6-4185-bba7-6f6d61f72318","context":{"userId":"jexgnfs3nx","email":"saifee3131@gmail.com","ip":"::1"}}
{"timestamp":"2026-01-11 14:11:29","level":"info","message":"Login successful","service":"dairy-drop-api","requestId":"3bf7edd6-3300-473a-a8c5-9b5e08d67021","context":{"userId":"jexgnfs3nx","email":"saifee3131@gmail.com","ip":"::1"}}
{"timestamp":"2026-01-11 14:16:57","level":"info","message":"Login successful","service":"dairy-drop-api","requestId":"5bbd1db5-9f74-4108-9c92-aba3db447b43","context":{"userId":"jexgnfs3nx","email":"saifee3131@gmail.com","ip":"::1"}}
{"timestamp":"2026-01-11 15:21:09","level":"info","message":"Login successful","service":"dairy-drop-api","requestId":"cd5d0d76-99a1-4295-9fdd-02b67c684513","context":{"userId":"jexgnfs3nx","email":"saifee3131@gmail.com","ip":"::1"}}
{"timestamp":"2026-01-11 15:26:00","level":"info","message":"Login successful","service":"dairy-drop-api","requestId":"dca6e5b1-7254-423a-9d8c-f8fed9aa9111","context":{"userId":"jexgnfs3nx","email":"saifee3131@gmail.com","ip":"::1"}}
{"timestamp":"2026-01-11 15:27:14","level":"info","message":"Login successful","service":"dairy-drop-api","requestId":"7902fb1e-8b26-422e-ba55-f02d7fc086a4","context":{"userId":"jexgnfs3nx","email":"saifee3131@gmail.com","ip":"::1"}}
{"timestamp":"2026-01-11 15:53:12","level":"info","message":"Login successful","service":"dairy-drop-api","requestId":"2221e8c4-b0d7-4d92-8322-ad0cbcadcddc","context":{"userId":"jexgnfs3nx","email":"saifee3131@gmail.com","ip":"::1"}}
{"timestamp":"2026-01-11 15:58:06","level":"info","message":"Login successful","service":"dairy-drop-api","requestId":"b65a7195-2691-4a3e-ad6d-95d64a0b68b9","context":{"userId":"jexgnfs3nx","email":"saifee3131@gmail.com","ip":"::1"}}
{"timestamp":"2026-01-11 15:59:12","level":"info","message":"Login successful","service":"dairy-drop-api","requestId":"4b1de19c-82e4-449e-ba51-99fb7b0a3a8f","context":{"userId":"jexgnfs3nx","email":"saifee3131@gmail.com","ip":"::1"}}
{"timestamp":"2026-01-11 15:59:26","level":"info","message":"Login successful","service":"dairy-drop-api","requestId":"c562b385-57f1-4536-9dff-98725a88ae20","context":{"userId":"jexgnfs3nx","email":"saifee3131@gmail.com","ip":"::1"}}
{"timestamp":"2026-01-11 16:28:32","level":"info","message":"Login successful","service":"dairy-drop-api","requestId":"61b6ab5e-d2ad-407a-b8a4-d1121abed2fc","context":{"userId":"jexgnfs3nx","email":"saifee3131@gmail.com","ip":"::1"}}
{"timestamp":"2026-01-11 16:29:34","level":"info","message":"Login successful","service":"dairy-drop-api","requestId":"a88b40aa-8e2d-406c-ad6d-a1f516dc7eb9","context":{"userId":"jexgnfs3nx","email":"saifee3131@gmail.com","ip":"::1"}}
{"timestamp":"2026-01-11 16:34:26","level":"info","message":"Login successful","service":"dairy-drop-api","requestId":"3af1954e-d82a-4550-8194-f4df0e0e3722","context":{"userId":"jexgnfs3nx","email":"saifee3131@gmail.com","ip":"::1"}}
{"timestamp":"2026-01-11 16:36:46","level":"info","message":"Login successful","service":"dairy-drop-api","requestId":"52701d06-49a3-4c4a-9d19-27a0dc6c0569","context":{"userId":"jexgnfs3nx","email":"saifee3131@gmail.com","ip":"::1"}}
{"timestamp":"2026-01-11 16:41:11","level":"info","message":"Login successful","service":"dairy-drop-api","requestId":"df0ffa3b-837a-4fbb-abf3-ea15859e7121","context":{"userId":"jexgnfs3nx","email":"saifee3131@gmail.com","ip":"::1"}}
{"timestamp":"2026-01-11 16:42:58","level":"info","message":"Login successful","service":"dairy-drop-api","requestId":"acbc5277-4927-40c8-9d28-5fd50034b3ca","context":{"userId":"jexgnfs3nx","email":"saifee3131@gmail.com","ip":"::1"}}
{"timestamp":"2026-01-11 16:50:03","level":"info","message":"Login successful","service":"dairy-drop-api","requestId":"4a374f46-4832-4fbc-b3a6-a128fb16ee11","context":{"userId":"jexgnfs3nx","email":"saifee3131@gmail.com","ip":"::1"}}
{"timestamp":"2026-01-11 17:00:57","level":"info","message":"Login successful","service":"dairy-drop-api","requestId":"c6ecff15-9781-43aa-81d4-85ba8ab3b8f1","context":{"userId":"jexgnfs3nx","email":"saifee3131@gmail.com","ip":"::1"}}
{"timestamp":"2026-01-11 17:01:31","level":"info","message":"Login successful","service":"dairy-drop-api","requestId":"bda34e7e-7c3b-4fdb-9420-e8a3b799c5e3","context":{"userId":"jexgnfs3nx","email":"saifee3131@gmail.com","ip":"::1"}}
{"timestamp":"2026-01-11 17:03:55","level":"info","message":"Login successful","service":"dairy-drop-api","requestId":"51927cc5-ea9b-47ab-a545-5497299a34ee","context":{"userId":"jexgnfs3nx","email":"saifee3131@gmail.com","ip":"::1"}}
{"timestamp":"2026-01-11 17:06:44","level":"info","message":"Login successful","service":"dairy-drop-api","requestId":"3bb8431e-0835-4fc3-811c-29a5f542c6bc","context":{"userId":"jexgnfs3nx","email":"saifee3131@gmail.com","ip":"::1"}}
{"timestamp":"2026-01-11 17:09:16","level":"info","message":"Login successful","service":"dairy-drop-api","requestId":"1e4f6537-f788-4741-a61b-0d6517156bcc","context":{"userId":"jexgnfs3nx","email":"saifee3131@gmail.com","ip":"::1"}}
{"timestamp":"2026-01-11 17:10:18","level":"info","message":"User registered","service":"dairy-drop-api","requestId":"ef4040f4-bbc7-4e56-a3f7-bd4f2dee3353","context":{"userId":"4zwol8padcw","email":"safeesafee3131@gmail.com","ip":"::1"}}
{"timestamp":"2026-01-11 17:16:16","level":"info","message":"Login successful","service":"dairy-drop-api","requestId":"a29135ec-199c-4cbc-863b-fc11adbd890a","context":{"userId":"jexgnfs3nx","email":"saifee3131@gmail.com","ip":"::1"}}
{"timestamp":"2026-01-11 17:17:02","level":"info","message":"Login successful","service":"dairy-drop-api","requestId":"b0e36ec6-eab7-4b09-b9a9-d7d1c599de67","context":{"userId":"4zwol8padcw","email":"safeesafee3131@gmail.com","ip":"::1"}}
{"timestamp":"2026-01-11 17:17:53","level":"info","message":"Login successful","service":"dairy-drop-api","requestId":"b9d55d15-d826-4e2a-8c3a-4e25a1181ec7","context":{"userId":"jexgnfs3nx","email":"saifee3131@gmail.com","ip":"::1"}}
{"timestamp":"2026-01-11 17:18:48","level":"info","message":"Login successful","service":"dairy-drop-api","requestId":"68963ff5-a133-4f20-a252-bb127f3ccb7d","context":{"userId":"jexgnfs3nx","email":"saifee3131@gmail.com","ip":"::1"}}
{"timestamp":"2026-01-11 17:19:04","level":"info","message":"Login successful","service":"dairy-drop-api","requestId":"764bfb1f-ed46-4c16-8b39-e1918db8e1ec","context":{"userId":"4zwol8padcw","email":"safeesafee3131@gmail.com","ip":"::1"}}
{"timestamp":"2026-01-11 17:19:24","level":"info","message":"Login successful","service":"dairy-drop-api","requestId":"745e622b-ea84-445b-b3c8-7a0f4ca7ca9b","context":{"userId":"jexgnfs3nx","email":"saifee3131@gmail.com","ip":"::1"}}
