{
  message: 'Initializing Redis...',
  level: 'info',
  service: 'dairy-drop-api',
  timestamp: '2025-12-25 22:25:25'
}
{
  message: 'Connecting to Redis at redis://127.0.0.1:6379...',
  level: 'info',
  service: 'dairy-drop-api',
  timestamp: '2025-12-25 22:25:25'
}
{
  message: 'Redis connected',
  level: 'info',
  service: 'dairy-drop-api',
  timestamp: '2025-12-25 22:25:25'
}
{
  message: 'Redis ready',
  level: 'info',
  service: 'dairy-drop-api',
  timestamp: '2025-12-25 22:25:25'
}
{
  message: 'Redis initialized successfully',
  level: 'info',
  service: 'dairy-drop-api',
  timestamp: '2025-12-25 22:25:25'
}
{
  message: 'Redis connected successfully',
  level: 'info',
  service: 'dairy-drop-api',
  timestamp: '2025-12-25 22:25:25'
}
{
  message: 'Connecting to database...',
  level: 'info',
  service: 'dairy-drop-api',
  timestamp: '2025-12-25 22:25:25'
}
{
  message: 'Database connected successfully',
  level: 'info',
  service: 'dairy-drop-api',
  timestamp: '2025-12-25 22:25:25'
}
{
  message: '🚀 Server running on port 8000',
  level: 'info',
  service: 'dairy-drop-api',
  timestamp: '2025-12-25 22:25:25'
}
{
  message: '📡 API Version: v1',
  level: 'info',
  service: 'dairy-drop-api',
  timestamp: '2025-12-25 22:25:25'
}
{
  message: '🌍 Environment: development',
  level: 'info',
  service: 'dairy-drop-api',
  timestamp: '2025-12-25 22:25:25'
}
{
  message: '🔗 Health Check: http://localhost:8000/health',
  level: 'info',
  service: 'dairy-drop-api',
  timestamp: '2025-12-25 22:25:25'
}
{
  message: '📚 API Info: http://localhost:8000/api/v1',
  level: 'info',
  service: 'dairy-drop-api',
  timestamp: '2025-12-25 22:25:25'
}
{
  service: 'dairy-drop-api',
  error: Error: Invalid login: 535-5.7.8 Username and Password not accepted. For more information, go to
  535 5.7.8  https://support.google.com/mail/?p=BadCredentials ffacd0b85a97d-4324ea1b1b1sm40632442f8f.3 - gsmtp
      at SMTPConnection._formatError (D:\My-Github\dairy-drop\node_modules\nodemailer\lib\smtp-connection\index.js:809:19)
      at SMTPConnection._actionAUTHComplete (D:\My-Github\dairy-drop\node_modules\nodemailer\lib\smtp-connection\index.js:1617:34)
      at SMTPConnection.<anonymous> (D:\My-Github\dairy-drop\node_modules\nodemailer\lib\smtp-connection\index.js:556:26)
      at SMTPConnection._processResponse (D:\My-Github\dairy-drop\node_modules\nodemailer\lib\smtp-connection\index.js:993:20)
      at SMTPConnection._onData (D:\My-Github\dairy-drop\node_modules\nodemailer\lib\smtp-connection\index.js:774:14)
      at SMTPConnection._onSocketData (D:\My-Github\dairy-drop\node_modules\nodemailer\lib\smtp-connection\index.js:195:44)
      at TLSSocket.emit (node:events:524:28)
      at addChunk (node:internal/streams/readable:561:12)
      at readableAddChunkPushByteMode (node:internal/streams/readable:512:3)
      at Readable.push (node:internal/streams/readable:392:5) {
    code: 'EAUTH',
    response: '535-5.7.8 Username and Password not accepted. For more information, go to\n' +
      '535 5.7.8  https://support.google.com/mail/?p=BadCredentials ffacd0b85a97d-4324ea1b1b1sm40632442f8f.3 - gsmtp',
    responseCode: 535,
    command: 'AUTH PLAIN'
  },
  level: 'error',
  message: 'Email sending failed:',
  timestamp: '2025-12-25 22:33:55'
}
{
  service: 'dairy-drop-api',
  email: 'saifee3131@gmail.com',
  error: Error: Failed to send email
      at sendEmail (D:\My-Github\dairy-drop\src\utils\emailService.ts:39:11)
      at process.processTicksAndRejections (node:internal/process/task_queues:95:5)
      at async sendVerificationEmail (D:\My-Github\dairy-drop\src\utils\emailService.ts:68:10)
      at async <anonymous> (D:\My-Github\dairy-drop\src\controllers\auth.ts:99:5),
  level: 'error',
  message: 'Failed to send verification email',
  timestamp: '2025-12-25 22:33:55'
}
{
  message: 'Initializing Redis...',
  level: 'info',
  service: 'dairy-drop-api',
  timestamp: '2025-12-25 23:13:04'
}
{
  message: 'Connecting to Redis at redis://127.0.0.1:6379...',
  level: 'info',
  service: 'dairy-drop-api',
  timestamp: '2025-12-25 23:13:04'
}
{
  message: 'Redis connected',
  level: 'info',
  service: 'dairy-drop-api',
  timestamp: '2025-12-25 23:13:04'
}
{
  message: 'Redis ready',
  level: 'info',
  service: 'dairy-drop-api',
  timestamp: '2025-12-25 23:13:04'
}
{
  message: 'Redis initialized successfully',
  level: 'info',
  service: 'dairy-drop-api',
  timestamp: '2025-12-25 23:13:04'
}
{
  message: 'Redis connected successfully',
  level: 'info',
  service: 'dairy-drop-api',
  timestamp: '2025-12-25 23:13:04'
}
{
  message: 'Connecting to database...',
  level: 'info',
  service: 'dairy-drop-api',
  timestamp: '2025-12-25 23:13:04'
}
{
  message: 'Database connected successfully',
  level: 'info',
  service: 'dairy-drop-api',
  timestamp: '2025-12-25 23:13:04'
}
{
  message: '🚀 Server running on port 8000',
  level: 'info',
  service: 'dairy-drop-api',
  timestamp: '2025-12-25 23:13:04'
}
{
  message: '📡 API Version: v1',
  level: 'info',
  service: 'dairy-drop-api',
  timestamp: '2025-12-25 23:13:04'
}
{
  message: '🌍 Environment: development',
  level: 'info',
  service: 'dairy-drop-api',
  timestamp: '2025-12-25 23:13:04'
}
{
  message: '🔗 Health Check: http://localhost:8000/health',
  level: 'info',
  service: 'dairy-drop-api',
  timestamp: '2025-12-25 23:13:04'
}
{
  message: '📚 API Info: http://localhost:8000/api/v1',
  level: 'info',
  service: 'dairy-drop-api',
  timestamp: '2025-12-25 23:13:04'
}
23:14:39 [[32minfo[39m]: Initializing Redis...
23:14:39 [[32minfo[39m]: Connecting to Redis at redis://127.0.0.1:6379...
23:14:39 [[32minfo[39m]: Redis connected
23:14:39 [[32minfo[39m]: Redis ready
23:14:39 [[32minfo[39m]: Redis initialized successfully
23:14:39 [[32minfo[39m]: Redis connected successfully
23:14:39 [[32minfo[39m]: Connecting to database...
23:14:39 [[32minfo[39m]: Database connected successfully
23:14:39 [[32minfo[39m]: 🚀 Server running on port 8000
23:14:39 [[32minfo[39m]: 📡 API Version: v1
23:14:39 [[32minfo[39m]: 🌍 Environment: development
23:14:39 [[32minfo[39m]: 🔗 Health Check: http://localhost:8000/health
23:14:39 [[32minfo[39m]: 📚 API Info: http://localhost:8000/api/v1
23:15:08 [[32minfo[39m]: Initializing Redis...
23:15:08 [[32minfo[39m]: Connecting to Redis at redis://127.0.0.1:6379...
23:15:08 [[32minfo[39m]: Redis connected
23:15:08 [[32minfo[39m]: Redis ready
23:15:08 [[32minfo[39m]: Redis initialized successfully
23:15:08 [[32minfo[39m]: Redis connected successfully
23:15:08 [[32minfo[39m]: Connecting to database...
23:15:08 [[32minfo[39m]: Database connected successfully
23:15:08 [[32minfo[39m]: 🚀 Server running on port 8000
23:15:08 [[32minfo[39m]: 📡 API Version: v1
23:15:08 [[32minfo[39m]: 🌍 Environment: development
23:15:08 [[32minfo[39m]: 🔗 Health Check: http://localhost:8000/health
23:15:08 [[32minfo[39m]: 📚 API Info: http://localhost:8000/api/v1
23:15:25 [[32minfo[39m]: Initializing Redis...
23:15:25 [[32minfo[39m]: Connecting to Redis at redis://127.0.0.1:6379...
23:15:25 [[32minfo[39m]: Redis connected
23:15:25 [[32minfo[39m]: Redis ready
23:15:25 [[32minfo[39m]: Redis initialized successfully
23:15:25 [[32minfo[39m]: Redis connected successfully
23:15:25 [[32minfo[39m]: Connecting to database...
23:15:25 [[32minfo[39m]: Database connected successfully
23:15:25 [[32minfo[39m]: 🚀 Server running on port 8000
23:15:25 [[32minfo[39m]: 📡 API Version: v1
23:15:25 [[32minfo[39m]: 🌍 Environment: development
23:15:25 [[32minfo[39m]: 🔗 Health Check: http://localhost:8000/health
23:15:25 [[32minfo[39m]: 📚 API Info: http://localhost:8000/api/v1
23:15:40 [[32minfo[39m]: Initializing Redis...
23:15:40 [[32minfo[39m]: Connecting to Redis at redis://127.0.0.1:6379...
23:15:41 [[32minfo[39m]: Redis connected
23:15:41 [[32minfo[39m]: Redis ready
23:15:41 [[32minfo[39m]: Redis initialized successfully
23:15:41 [[32minfo[39m]: Redis connected successfully
23:15:41 [[32minfo[39m]: Connecting to database...
23:15:41 [[32minfo[39m]: Database connected successfully
23:15:41 [[32minfo[39m]: 🚀 Server running on port 8000
23:15:41 [[32minfo[39m]: 📡 API Version: v1
23:15:41 [[32minfo[39m]: 🌍 Environment: development
23:15:41 [[32minfo[39m]: 🔗 Health Check: http://localhost:8000/health
23:15:41 [[32minfo[39m]: 📚 API Info: http://localhost:8000/api/v1
23:15:48 [[32minfo[39m]: Initializing Redis...
23:15:48 [[32minfo[39m]: Connecting to Redis at redis://127.0.0.1:6379...
23:15:48 [[32minfo[39m]: Redis connected
23:15:48 [[32minfo[39m]: Redis ready
23:15:48 [[32minfo[39m]: Redis initialized successfully
23:15:48 [[32minfo[39m]: Redis connected successfully
23:15:48 [[32minfo[39m]: Connecting to database...
23:15:48 [[32minfo[39m]: Database connected successfully
23:15:48 [[32minfo[39m]: 🚀 Server running on port 8000
23:15:48 [[32minfo[39m]: 📡 API Version: v1
23:15:48 [[32minfo[39m]: 🌍 Environment: development
23:15:48 [[32minfo[39m]: 🔗 Health Check: http://localhost:8000/health
23:15:48 [[32minfo[39m]: 📚 API Info: http://localhost:8000/api/v1
23:15:56 [[32minfo[39m]: Initializing Redis...
23:15:56 [[32minfo[39m]: Connecting to Redis at redis://127.0.0.1:6379...
23:15:56 [[32minfo[39m]: Redis connected
23:15:56 [[32minfo[39m]: Redis ready
23:15:56 [[32minfo[39m]: Redis initialized successfully
23:15:56 [[32minfo[39m]: Redis connected successfully
23:15:56 [[32minfo[39m]: Connecting to database...
23:15:56 [[32minfo[39m]: Database connected successfully
23:15:56 [[32minfo[39m]: 🚀 Server running on port 8000
23:15:56 [[32minfo[39m]: 📡 API Version: v1
23:15:56 [[32minfo[39m]: 🌍 Environment: development
23:15:56 [[32minfo[39m]: 🔗 Health Check: http://localhost:8000/health
23:15:56 [[32minfo[39m]: 📚 API Info: http://localhost:8000/api/v1
23:16:07 [[32minfo[39m]: Initializing Redis...
23:16:07 [[32minfo[39m]: Connecting to Redis at redis://127.0.0.1:6379...
23:16:07 [[32minfo[39m]: Redis connected
23:16:07 [[32minfo[39m]: Redis ready
23:16:07 [[32minfo[39m]: Redis initialized successfully
23:16:07 [[32minfo[39m]: Redis connected successfully
23:16:07 [[32minfo[39m]: Connecting to database...
23:16:07 [[32minfo[39m]: Database connected successfully
23:16:07 [[32minfo[39m]: 🚀 Server running on port 8000
23:16:07 [[32minfo[39m]: 📡 API Version: v1
23:16:07 [[32minfo[39m]: 🌍 Environment: development
23:16:07 [[32minfo[39m]: 🔗 Health Check: http://localhost:8000/health
23:16:07 [[32minfo[39m]: 📚 API Info: http://localhost:8000/api/v1
23:18:16 [[32minfo[39m]: Initializing Redis...
23:18:16 [[32minfo[39m]: Connecting to Redis at redis://127.0.0.1:6379...
23:18:16 [[32minfo[39m]: Redis connected
23:18:17 [[32minfo[39m]: Redis ready
23:18:17 [[32minfo[39m]: Redis initialized successfully
23:18:17 [[32minfo[39m]: Redis connected successfully
23:18:17 [[32minfo[39m]: Connecting to database...
23:18:17 [[32minfo[39m]: Database connected successfully
23:18:17 [[32minfo[39m]: 🚀 Server running on port 8000
23:18:17 [[32minfo[39m]: 📡 API Version: v1
23:18:17 [[32minfo[39m]: 🌍 Environment: development
23:18:17 [[32minfo[39m]: 🔗 Health Check: http://localhost:8000/health
23:18:17 [[32minfo[39m]: 📚 API Info: http://localhost:8000/api/v1
23:28:08 [[32minfo[39m]: Initializing Redis...
23:28:08 [[32minfo[39m]: Connecting to Redis at redis://127.0.0.1:6379...
23:28:08 [[32minfo[39m]: Redis connected
23:28:08 [[32minfo[39m]: Redis ready
23:28:08 [[32minfo[39m]: Redis initialized successfully
23:28:08 [[32minfo[39m]: Redis connected successfully
23:28:08 [[32minfo[39m]: Connecting to database...
23:28:09 [[32minfo[39m]: Database connected successfully
23:28:09 [[32minfo[39m]: 🚀 Server running on port 8000
23:28:09 [[32minfo[39m]: 📡 API Version: v1
23:28:09 [[32minfo[39m]: 🌍 Environment: development
23:28:09 [[32minfo[39m]: 🔗 Health Check: http://localhost:8000/health
23:28:09 [[32minfo[39m]: 📚 API Info: http://localhost:8000/api/v1
23:33:23 [[32minfo[39m]: Initializing Redis...
23:33:23 [[32minfo[39m]: Connecting to Redis at redis://127.0.0.1:6379...
23:33:23 [[32minfo[39m]: Redis connected
23:33:23 [[32minfo[39m]: Redis ready
23:33:23 [[32minfo[39m]: Redis initialized successfully
23:33:23 [[32minfo[39m]: Redis connected successfully
23:33:23 [[32minfo[39m]: Connecting to database...
23:33:23 [[32minfo[39m]: Database connected successfully
23:33:23 [[32minfo[39m]: 🚀 Server running on port 8000
23:33:23 [[32minfo[39m]: 📡 API Version: v1
23:33:23 [[32minfo[39m]: 🌍 Environment: development
23:33:23 [[32minfo[39m]: 🔗 Health Check: http://localhost:8000/health
23:33:23 [[32minfo[39m]: 📚 API Info: http://localhost:8000/api/v1
23:39:41 [[32minfo[39m]: Initializing Redis...
23:39:41 [[32minfo[39m]: Connecting to Redis at redis://127.0.0.1:6379...
23:39:41 [[32minfo[39m]: Redis connected
23:39:41 [[32minfo[39m]: Redis ready
23:39:41 [[32minfo[39m]: Redis initialized successfully
23:39:41 [[32minfo[39m]: Redis connected successfully
23:39:41 [[32minfo[39m]: Connecting to database...
23:39:41 [[32minfo[39m]: Database connected successfully
23:39:41 [[32minfo[39m]: 🚀 Server running on port 8000
23:39:41 [[32minfo[39m]: 📡 API Version: v1
23:39:41 [[32minfo[39m]: 🌍 Environment: development
23:39:41 [[32minfo[39m]: 🔗 Health Check: http://localhost:8000/health
23:39:41 [[32minfo[39m]: 📚 API Info: http://localhost:8000/api/v1
23:39:53 [[32minfo[39m]: Initializing Redis...
23:39:53 [[32minfo[39m]: Connecting to Redis at redis://127.0.0.1:6379...
23:39:53 [[32minfo[39m]: Redis connected
23:39:53 [[32minfo[39m]: Redis ready
23:39:53 [[32minfo[39m]: Redis initialized successfully
23:39:53 [[32minfo[39m]: Redis connected successfully
23:39:53 [[32minfo[39m]: Connecting to database...
23:39:53 [[32minfo[39m]: Database connected successfully
23:39:53 [[32minfo[39m]: 🚀 Server running on port 8000
23:39:53 [[32minfo[39m]: 📡 API Version: v1
23:39:53 [[32minfo[39m]: 🌍 Environment: development
23:39:53 [[32minfo[39m]: 🔗 Health Check: http://localhost:8000/health
23:39:53 [[32minfo[39m]: 📚 API Info: http://localhost:8000/api/v1
23:45:27 [[32minfo[39m]: Initializing Redis...
23:45:27 [[32minfo[39m]: Connecting to Redis at redis://127.0.0.1:6379...
23:45:27 [[32minfo[39m]: Redis connected
23:45:27 [[32minfo[39m]: Redis ready
23:45:27 [[32minfo[39m]: Redis initialized successfully
23:45:27 [[32minfo[39m]: Redis connected successfully
23:45:27 [[32minfo[39m]: Connecting to database...
23:45:27 [[32minfo[39m]: Database connected successfully
23:45:27 [[32minfo[39m]: 🚀 Server running on port 8000
23:45:27 [[32minfo[39m]: 📡 API Version: v1
23:45:27 [[32minfo[39m]: 🌍 Environment: development
23:45:27 [[32minfo[39m]: 🔗 Health Check: http://localhost:8000/health
23:45:27 [[32minfo[39m]: 📚 API Info: http://localhost:8000/api/v1
23:41:52 [[31merror[39m]: API Error Password must be at least 8 characters long {"url":"/api/v1/auth/register","method":"POST","ip":"::1","userAgent":"PostmanRuntime/7.51.0"}
23:42:02 [[31merror[39m]: API Error Password must contain at least one uppercase letter, one lowercase letter, one number, and one special character {"url":"/api/v1/auth/register","method":"POST","ip":"::1","userAgent":"PostmanRuntime/7.51.0"}
23:42:29 [[31merror[39m]: API Error Password must contain at least one uppercase letter, one lowercase letter, one number, and one special character {"url":"/api/v1/auth/register","method":"POST","ip":"::1","userAgent":"PostmanRuntime/7.51.0"}
23:09:44 [[31merror[39m]: API Error Please log in to access this feature. {"url":"/api/v1/auth/profile","method":"GET","ip":"::1","userAgent":"Mozilla/5.0 (Windows NT 10.0; Win64; x64) AppleWebKit/537.36 (KHTML, like Gecko) Chrome/143.0.0.0 Safari/537.36"}
23:11:54 [[31merror[39m]: API Error Your session has expired. Please log in again. {"url":"/api/v1/auth/profile","method":"GET","ip":"::1","userAgent":"Mozilla/5.0 (Windows NT 10.0; Win64; x64) AppleWebKit/537.36 (KHTML, like Gecko) Chrome/143.0.0.0 Safari/537.36"}
23:16:09 [[31merror[39m]: API Error Please log in to complete this action. {"url":"/api/v1/auth/profile","method":"GET","ip":"::1","userAgent":"Mozilla/5.0 (Windows NT 10.0; Win64; x64) AppleWebKit/537.36 (KHTML, like Gecko) Chrome/143.0.0.0 Safari/537.36"}
23:28:09 [[31merror[39m]: API Error Please log in to complete this action. {"url":"/api/v1/auth/profile","method":"GET","ip":"::1","userAgent":"Mozilla/5.0 (Windows NT 10.0; Win64; x64) AppleWebKit/537.36 (KHTML, like Gecko) Chrome/143.0.0.0 Safari/537.36"}
23:28:27 [[31merror[39m]: API Error Please log in to complete this action. {"url":"/api/v1/auth/profile","method":"GET","ip":"::1","userAgent":"Mozilla/5.0 (Windows NT 10.0; Win64; x64) AppleWebKit/537.36 (KHTML, like Gecko) Chrome/143.0.0.0 Safari/537.36"}
23:28:31 [[31merror[39m]: API Error Please log in to complete this action. {"url":"/api/v1/auth/profile","method":"GET","ip":"::1","userAgent":"Mozilla/5.0 (Windows NT 10.0; Win64; x64) AppleWebKit/537.36 (KHTML, like Gecko) Chrome/143.0.0.0 Safari/537.36"}
23:28:36 [[31merror[39m]: API Error Please log in to complete this action. {"url":"/api/v1/auth/profile","method":"GET","ip":"::1","userAgent":"Mozilla/5.0 (Windows NT 10.0; Win64; x64) AppleWebKit/537.36 (KHTML, like Gecko) Chrome/143.0.0.0 Safari/537.36"}
23:28:54 [[31merror[39m]: API Error Please log in to complete this action. {"url":"/api/v1/auth/profile","method":"GET","ip":"::1","userAgent":"Mozilla/5.0 (Windows NT 10.0; Win64; x64) AppleWebKit/537.36 (KHTML, like Gecko) Chrome/143.0.0.0 Safari/537.36"}
23:28:57 [[31merror[39m]: API Error Please log in to complete this action. {"url":"/api/v1/auth/profile","method":"GET","ip":"::1","userAgent":"Mozilla/5.0 (Windows NT 10.0; Win64; x64) AppleWebKit/537.36 (KHTML, like Gecko) Chrome/143.0.0.0 Safari/537.36"}
23:29:01 [[31merror[39m]: API Error Please log in to complete this action. {"url":"/api/v1/auth/profile","method":"GET","ip":"::1","userAgent":"Mozilla/5.0 (Windows NT 10.0; Win64; x64) AppleWebKit/537.36 (KHTML, like Gecko) Chrome/143.0.0.0 Safari/537.36"}
23:35:39 [[31merror[39m]: API Error Please log in to complete this action. {"url":"/api/v1/auth/profile","method":"GET","ip":"::1","userAgent":"Mozilla/5.0 (Windows NT 10.0; Win64; x64) AppleWebKit/537.36 (KHTML, like Gecko) Chrome/143.0.0.0 Safari/537.36"}
23:36:09 [[31merror[39m]: API Error Please log in to complete this action. {"url":"/api/v1/auth/profile","method":"GET","ip":"::1","userAgent":"Mozilla/5.0 (Windows NT 10.0; Win64; x64) AppleWebKit/537.36 (KHTML, like Gecko) Chrome/143.0.0.0 Safari/537.36"}
00:38:34 [[31merror[39m]: API Error Password must contain at least one uppercase letter, one lowercase letter, one number, and one special character {"url":"/api/v1/auth/register","method":"POST","ip":"::1","userAgent":"Mozilla/5.0 (Windows NT 10.0; Win64; x64) AppleWebKit/537.36 (KHTML, like Gecko) Chrome/143.0.0.0 Safari/537.36"}
00:58:49 [[31merror[39m]: API Error Please log in to complete this action. {"url":"/api/v1/auth/profile","method":"GET","ip":"::1","userAgent":"Mozilla/5.0 (Windows NT 10.0; Win64; x64) AppleWebKit/537.36 (KHTML, like Gecko) Chrome/143.0.0.0 Safari/537.36"}
01:05:26 [[31merror[39m]: API Error Please log in to complete this action. {"url":"/api/v1/auth/profile","method":"GET","ip":"::1","userAgent":"Mozilla/5.0 (Windows NT 10.0; Win64; x64) AppleWebKit/537.36 (KHTML, like Gecko) Chrome/143.0.0.0 Safari/537.36"}
01:06:29 [[31merror[39m]: API Error Please log in to complete this action. {"url":"/api/v1/auth/profile","method":"GET","ip":"::1","userAgent":"Mozilla/5.0 (Windows NT 10.0; Win64; x64) AppleWebKit/537.36 (KHTML, like Gecko) Chrome/143.0.0.0 Safari/537.36"}
01:08:13 [[31merror[39m]: API Error Please log in to complete this action. {"url":"/api/v1/auth/profile","method":"GET","ip":"::1","userAgent":"Mozilla/5.0 (Windows NT 10.0; Win64; x64) AppleWebKit/537.36 (KHTML, like Gecko) Chrome/143.0.0.0 Safari/537.36"}
01:11:10 [[31merror[39m]: API Error Please log in to complete this action. {"url":"/api/v1/auth/profile","method":"GET","ip":"::1","userAgent":"Mozilla/5.0 (Windows NT 10.0; Win64; x64) AppleWebKit/537.36 (KHTML, like Gecko) Chrome/143.0.0.0 Safari/537.36"}
01:11:22 [[31merror[39m]: API Error Please log in to complete this action. {"url":"/api/v1/auth/profile","method":"GET","ip":"::1","userAgent":"Mozilla/5.0 (Windows NT 10.0; Win64; x64) AppleWebKit/537.36 (KHTML, like Gecko) Chrome/143.0.0.0 Safari/537.36"}
01:11:31 [[31merror[39m]: API Error Please log in to complete this action. {"url":"/api/v1/auth/profile","method":"GET","ip":"::1","userAgent":"Mozilla/5.0 (Windows NT 10.0; Win64; x64) AppleWebKit/537.36 (KHTML, like Gecko) Chrome/143.0.0.0 Safari/537.36"}
01:25:37 [[31merror[39m]: API Error Please log in to complete this action. {"url":"/api/v1/auth/logout","method":"POST","ip":"::1","userAgent":"Mozilla/5.0 (Windows NT 10.0; Win64; x64) AppleWebKit/537.36 (KHTML, like Gecko) Chrome/143.0.0.0 Safari/537.36"}
01:25:41 [[31merror[39m]: API Error Please log in to complete this action. {"url":"/api/v1/auth/logout","method":"POST","ip":"::1","userAgent":"Mozilla/5.0 (Windows NT 10.0; Win64; x64) AppleWebKit/537.36 (KHTML, like Gecko) Chrome/143.0.0.0 Safari/537.36"}
01:27:00 [[31merror[39m]: API Error Your session has expired. Please log in again to continue shopping. {"url":"/api/v1/auth/profile","method":"GET","ip":"::1","userAgent":"Mozilla/5.0 (Windows NT 10.0; Win64; x64) AppleWebKit/537.36 (KHTML, like Gecko) Chrome/143.0.0.0 Safari/537.36"}
01:27:31 [[31merror[39m]: API Error Your session has expired. Please log in again to continue shopping. {"url":"/api/v1/auth/profile","method":"GET","ip":"::1","userAgent":"Mozilla/5.0 (Windows NT 10.0; Win64; x64) AppleWebKit/537.36 (KHTML, like Gecko) Chrome/143.0.0.0 Safari/537.36"}
01:27:34 [[31merror[39m]: API Error Your session has expired. Please log in again to continue shopping. {"url":"/api/v1/auth/logout","method":"POST","ip":"::1","userAgent":"Mozilla/5.0 (Windows NT 10.0; Win64; x64) AppleWebKit/537.36 (KHTML, like Gecko) Chrome/143.0.0.0 Safari/537.36"}
01:27:46 [[31merror[39m]: API Error Your session has expired. Please log in again to continue shopping. {"url":"/api/v1/auth/logout","method":"POST","ip":"::1","userAgent":"Mozilla/5.0 (Windows NT 10.0; Win64; x64) AppleWebKit/537.36 (KHTML, like Gecko) Chrome/143.0.0.0 Safari/537.36"}
01:29:21 [[31merror[39m]: API Error Your session has expired. Please log in again to continue shopping. {"url":"/api/v1/auth/profile","method":"GET","ip":"::1","userAgent":"Mozilla/5.0 (Windows NT 10.0; Win64; x64) AppleWebKit/537.36 (KHTML, like Gecko) Chrome/143.0.0.0 Safari/537.36"}
01:29:25 [[31merror[39m]: API Error Your session has expired. Please log in again to continue shopping. {"url":"/api/v1/auth/profile","method":"GET","ip":"::1","userAgent":"Mozilla/5.0 (Windows NT 10.0; Win64; x64) AppleWebKit/537.36 (KHTML, like Gecko) Chrome/143.0.0.0 Safari/537.36"}
01:29:28 [[31merror[39m]: API Error Your session has expired. Please log in again to continue shopping. {"url":"/api/v1/auth/profile","method":"GET","ip":"::1","userAgent":"Mozilla/5.0 (Windows NT 10.0; Win64; x64) AppleWebKit/537.36 (KHTML, like Gecko) Chrome/143.0.0.0 Safari/537.36"}
01:29:31 [[31merror[39m]: API Error Your session has expired. Please log in again to continue shopping. {"url":"/api/v1/auth/profile","method":"GET","ip":"::1","userAgent":"Mozilla/5.0 (Windows NT 10.0; Win64; x64) AppleWebKit/537.36 (KHTML, like Gecko) Chrome/143.0.0.0 Safari/537.36"}
01:29:34 [[31merror[39m]: API Error Your session has expired. Please log in again to continue shopping. {"url":"/api/v1/auth/profile","method":"GET","ip":"::1","userAgent":"Mozilla/5.0 (Windows NT 10.0; Win64; x64) AppleWebKit/537.36 (KHTML, like Gecko) Chrome/143.0.0.0 Safari/537.36"}
01:29:37 [[31merror[39m]: API Error Your session has expired. Please log in again to continue shopping. {"url":"/api/v1/auth/profile","method":"GET","ip":"::1","userAgent":"Mozilla/5.0 (Windows NT 10.0; Win64; x64) AppleWebKit/537.36 (KHTML, like Gecko) Chrome/143.0.0.0 Safari/537.36"}
01:29:40 [[31merror[39m]: API Error Your session has expired. Please log in again to continue shopping. {"url":"/api/v1/auth/profile","method":"GET","ip":"::1","userAgent":"Mozilla/5.0 (Windows NT 10.0; Win64; x64) AppleWebKit/537.36 (KHTML, like Gecko) Chrome/143.0.0.0 Safari/537.36"}
01:36:00 [[31merror[39m]: API Error Your session has expired. Please log in again to continue shopping. {"url":"/api/v1/auth/profile","method":"GET","ip":"::1","userAgent":"Mozilla/5.0 (Windows NT 10.0; Win64; x64) AppleWebKit/537.36 (KHTML, like Gecko) Chrome/143.0.0.0 Safari/537.36"}
01:36:04 [[31merror[39m]: API Error Your session has expired. Please log in again to continue shopping. {"url":"/api/v1/auth/logout","method":"POST","ip":"::1","userAgent":"Mozilla/5.0 (Windows NT 10.0; Win64; x64) AppleWebKit/537.36 (KHTML, like Gecko) Chrome/143.0.0.0 Safari/537.36"}
01:39:31 [[31merror[39m]: API Error Your session has expired. Please log in again to continue shopping. {"url":"/api/v1/auth/logout","method":"POST","ip":"::1","userAgent":"Mozilla/5.0 (Windows NT 10.0; Win64; x64) AppleWebKit/537.36 (KHTML, like Gecko) Chrome/143.0.0.0 Safari/537.36"}
01:42:25 [[31merror[39m]: API Error Your session has expired. Please log in again to continue shopping. {"url":"/api/v1/auth/profile","method":"GET","ip":"::1","userAgent":"Mozilla/5.0 (Windows NT 10.0; Win64; x64) AppleWebKit/537.36 (KHTML, like Gecko) Chrome/143.0.0.0 Safari/537.36"}
01:42:54 [[31merror[39m]: API Error Your session has expired. Please log in again to continue shopping. {"url":"/api/v1/auth/logout","method":"POST","ip":"::1","userAgent":"Mozilla/5.0 (Windows NT 10.0; Win64; x64) AppleWebKit/537.36 (KHTML, like Gecko) Chrome/143.0.0.0 Safari/537.36"}
02:02:46 [[31merror[39m]: API Error Your session has expired. Please log in again to continue shopping. {"url":"/api/v1/auth/logout","method":"POST","ip":"::1","userAgent":"PostmanRuntime/7.51.0"}
02:14:40 [[31merror[39m]: API Error Your session has expired. Please log in again to continue shopping. {"url":"/api/v1/auth/logout","method":"POST","ip":"::1","userAgent":"PostmanRuntime/7.51.0"}
02:15:40 [[31merror[39m]: API Error Your session has expired. Please log in again to continue shopping. {"url":"/api/v1/auth/logout","method":"POST","ip":"::1","userAgent":"PostmanRuntime/7.51.0"}
02:17:50 [[31merror[39m]: API Error Your session has expired. Please log in again to continue shopping. {"url":"/api/v1/auth/logout","method":"POST","ip":"::1","userAgent":"PostmanRuntime/7.51.0"}
02:22:38 [[31merror[39m]: API Error Your session has expired. Please log in again to continue shopping. {"url":"/api/v1/auth/logout","method":"POST","ip":"::1","userAgent":"PostmanRuntime/7.51.0"}
02:25:31 [[31merror[39m]: API Error Your session has expired. Please log in again to continue shopping. {"url":"/api/v1/auth/logout","method":"POST","ip":"::1","userAgent":"PostmanRuntime/7.51.0"}
02:26:11 [[31merror[39m]: API Error Your session has expired. Please log in again to continue shopping. {"url":"/api/v1/auth/logout","method":"POST","ip":"::1","userAgent":"PostmanRuntime/7.51.0"}
13:48:18 [[31merror[39m]: REFRESH_NO_TOKENS {"hasSessionId":false,"hasRefreshToken":false}
13:52:59 [[31merror[39m]: REFRESH_NO_TOKENS {"hasSessionId":false,"hasRefreshToken":false}
13:56:49 [[31merror[39m]: REFRESH_NO_TOKENS {"hasSessionId":false,"hasRefreshToken":false}
13:59:48 [[31merror[39m]: REFRESH_NO_TOKENS {"hasSessionId":false,"hasRefreshToken":false}
14:04:24 [[31merror[39m]: REFRESH_NO_TOKENS {"hasSessionId":false,"hasRefreshToken":false}
14:07:11 [[31merror[39m]: REFRESH_NO_TOKENS {"hasSessionId":false,"hasRefreshToken":false}
14:13:14 [[31merror[39m]: REFRESH_NO_TOKENS {"hasSessionId":false,"hasRefreshToken":false}
